2021/02/07 18:35:00 [INFO] Terraform version: 0.14.6  
2021/02/07 18:35:00 [INFO] Go runtime version: go1.15.6
2021/02/07 18:35:00 [INFO] CLI args: []string{"C:\\Users\\lesar\\Desktop\\bin\\terraform.exe", "apply", "-auto-approve"}
2021/02/07 18:35:00 [DEBUG] Attempting to open CLI config file: C:\Users\lesar\AppData\Roaming\terraform.rc
2021/02/07 18:35:00 Loading CLI configuration from C:\Users\lesar\AppData\Roaming\terraform.rc
2021/02/07 18:35:00 [DEBUG] checking for credentials in "C:\\Users\\lesar\\AppData\\Roaming\\terraform.d\\plugins"
2021/02/07 18:35:00 [DEBUG] Explicit provider installation configuration is set
2021/02/07 18:35:00 [TRACE] Selected provider installation method cliconfig.ProviderInstallationDirect with includes [] and excludes []
2021/02/07 18:35:00 [INFO] CLI command args: []string{"apply", "-auto-approve"}
2021/02/07 18:35:00 [TRACE] Meta.Backend: no config given or present on disk, so returning nil config
2021/02/07 18:35:00 [TRACE] Meta.Backend: backend has not previously been initialized in this working directory
2021/02/07 18:35:00 [DEBUG] New state was assigned lineage "293750d0-331d-0ffa-4032-de274d286c15"
2021/02/07 18:35:00 [TRACE] Meta.Backend: using default local state only (no backend configuration, and no existing initialized backend)
2021/02/07 18:35:00 [TRACE] Meta.Backend: instantiated backend of type <nil>
2021/02/07 18:35:00 [DEBUG] Provider registry.terraform.io/czmirek/script is overridden to load from C:\Users\lesar\AppData\Roaming\terraform.d\plugins\windows-amd64
2021/02/07 18:35:00 [DEBUG] checking for provisioner in "."
2021/02/07 18:35:00 [DEBUG] checking for provisioner in "C:\\Users\\lesar\\Desktop\\bin"
2021/02/07 18:35:00 [DEBUG] checking for provisioner in "C:\\Users\\lesar\\AppData\\Roaming\\terraform.d\\plugins"
2021/02/07 18:35:00 [INFO] Failed to read plugin lock file .terraform\plugins\windows_amd64\lock.json: open .terraform\plugins\windows_amd64\lock.json: The system cannot find the path specified.
2021/02/07 18:35:00 [TRACE] Meta.Backend: backend <nil> does not support operations, so wrapping it in a local backend
2021/02/07 18:35:00 [INFO] backend/local: starting Apply operation
2021/02/07 18:35:00 [TRACE] backend/local: requesting state manager for workspace "default"
2021/02/07 18:35:00 [TRACE] backend/local: state manager for workspace "default" will:
 - read initial snapshot from terraform.tfstate
 - write new snapshots to terraform.tfstate
 - create any backup at terraform.tfstate.backup
2021/02/07 18:35:00 [TRACE] backend/local: requesting state lock for workspace "default"
2021/02/07 18:35:00 [TRACE] statemgr.Filesystem: preparing to manage state snapshots at terraform.tfstate
2021/02/07 18:35:00 [TRACE] statemgr.Filesystem: existing snapshot has lineage "a894cb1b-77b8-c6b1-e9c3-b89ac8ab9955" serial 1
2021/02/07 18:35:00 [TRACE] statemgr.Filesystem: locking terraform.tfstate using LockFileEx
2021/02/07 18:35:00 [TRACE] statemgr.Filesystem: writing lock metadata to .terraform.tfstate.lock.info
2021/02/07 18:35:00 [TRACE] backend/local: reading remote state for workspace "default"
2021/02/07 18:35:00 [TRACE] statemgr.Filesystem: reading latest snapshot from terraform.tfstate
2021/02/07 18:35:00 [TRACE] statemgr.Filesystem: read snapshot with lineage "a894cb1b-77b8-c6b1-e9c3-b89ac8ab9955" serial 1
2021/02/07 18:35:00 [TRACE] backend/local: retrieving local state snapshot for workspace "default"
2021/02/07 18:35:00 [TRACE] backend/local: building context for current working directory
2021/02/07 18:35:00 [TRACE] terraform.NewContext: starting
2021/02/07 18:35:00 [TRACE] terraform.NewContext: loading provider schemas
2021/02/07 18:35:00 [TRACE] LoadSchemas: retrieving schema for provider type "registry.terraform.io/czmirek/script"
2021-02-07T18:35:00.928+0100 [INFO]  plugin: configuring client automatic mTLS
2021-02-07T18:35:01.031+0100 [DEBUG] plugin: starting plugin: path=C:/Users/lesar/AppData/Roaming/terraform.d/plugins/windows-amd64/terraform-provider-script.exe args=[C:/Users/lesar/AppData/Roaming/terraform.d/plugins/windows-amd64/terraform-provider-script.exe]
2021-02-07T18:35:01.257+0100 [DEBUG] plugin: plugin started: path=C:/Users/lesar/AppData/Roaming/terraform.d/plugins/windows-amd64/terraform-provider-script.exe pid=1684
2021-02-07T18:35:01.257+0100 [DEBUG] plugin: waiting for RPC address: path=C:/Users/lesar/AppData/Roaming/terraform.d/plugins/windows-amd64/terraform-provider-script.exe
2021-02-07T18:35:01.283+0100 [INFO]  plugin.terraform-provider-script.exe: configuring server automatic mTLS: timestamp=2021-02-07T18:35:01.281+0100
2021-02-07T18:35:01.331+0100 [DEBUG] plugin.terraform-provider-script.exe: plugin address: address=127.0.0.1:10000 network=tcp timestamp=2021-02-07T18:35:01.331+0100
2021-02-07T18:35:01.331+0100 [DEBUG] plugin: using plugin: version=5
2021/02/07 18:35:01 [TRACE] GRPCProvider: GetSchema
2021-02-07T18:35:01.415+0100 [TRACE] plugin.stdio: waiting for stdio data
2021/02/07 18:35:01 [TRACE] GRPCProvider: Close
2021-02-07T18:35:01.419+0100 [WARN]  plugin.stdio: received EOF, stopping recv loop: err="rpc error: code = Unavailable desc = transport is closing"
2021-02-07T18:35:01.428+0100 [DEBUG] plugin: plugin process exited: path=C:/Users/lesar/AppData/Roaming/terraform.d/plugins/windows-amd64/terraform-provider-script.exe pid=1684
2021-02-07T18:35:01.428+0100 [DEBUG] plugin: plugin exited
2021/02/07 18:35:01 [TRACE] terraform.NewContext: complete
2021/02/07 18:35:01 [TRACE] backend/local: finished building terraform.Context
2021/02/07 18:35:01 [TRACE] backend/local: requesting interactive input, if necessary
2021/02/07 18:35:01 [TRACE] Context.Input: Prompting for provider arguments
2021/02/07 18:35:01 [TRACE] Context.Input: Provider provider.script implied by resource block at main.tf:9,1-24
2021/02/07 18:35:01 [TRACE] Context.Input: Input for provider.script: map[string]cty.Value{}
2021/02/07 18:35:01 [TRACE] backend/local: running validation operation
2021/02/07 18:35:01 [INFO] terraform: building graph: GraphTypeValidate
2021/02/07 18:35:01 [TRACE] Executing graph transform *terraform.ConfigTransformer
2021/02/07 18:35:01 [TRACE] ConfigTransformer: Starting for path: 
2021/02/07 18:35:01 [TRACE] Completed graph transform *terraform.ConfigTransformer with new graph:
  script.new - *terraform.NodeValidatableResource
  ------
2021/02/07 18:35:01 [TRACE] Executing graph transform *terraform.RootVariableTransformer
2021/02/07 18:35:01 [TRACE] Completed graph transform *terraform.RootVariableTransformer (no changes)
2021/02/07 18:35:01 [TRACE] Executing graph transform *terraform.ModuleVariableTransformer
2021/02/07 18:35:01 [TRACE] Completed graph transform *terraform.ModuleVariableTransformer (no changes)
2021/02/07 18:35:01 [TRACE] Executing graph transform *terraform.LocalTransformer
2021/02/07 18:35:01 [TRACE] Completed graph transform *terraform.LocalTransformer (no changes)
2021/02/07 18:35:01 [TRACE] Executing graph transform *terraform.OutputTransformer
2021/02/07 18:35:01 [TRACE] Completed graph transform *terraform.OutputTransformer (no changes)
2021/02/07 18:35:01 [TRACE] Executing graph transform *terraform.OrphanResourceInstanceTransformer
2021/02/07 18:35:01 [TRACE] Completed graph transform *terraform.OrphanResourceInstanceTransformer (no changes)
2021/02/07 18:35:01 [TRACE] Executing graph transform *terraform.StateTransformer
2021/02/07 18:35:01 [TRACE] StateTransformer: state is empty, so nothing to do
2021/02/07 18:35:01 [TRACE] Completed graph transform *terraform.StateTransformer (no changes)
2021/02/07 18:35:01 [TRACE] Executing graph transform *terraform.AttachStateTransformer
2021/02/07 18:35:01 [TRACE] Completed graph transform *terraform.AttachStateTransformer (no changes)
2021/02/07 18:35:01 [TRACE] Executing graph transform *terraform.OrphanOutputTransformer
2021/02/07 18:35:01 [TRACE] Completed graph transform *terraform.OrphanOutputTransformer (no changes)
2021/02/07 18:35:01 [TRACE] Executing graph transform *terraform.AttachResourceConfigTransformer
2021/02/07 18:35:01 [TRACE] AttachResourceConfigTransformer: attaching to "script.new" (*terraform.NodeValidatableResource) config from main.tf:9,1-24
2021/02/07 18:35:01 [TRACE] AttachResourceConfigTransformer: attaching provider meta configs to script.new
2021/02/07 18:35:01 [TRACE] Completed graph transform *terraform.AttachResourceConfigTransformer (no changes)
2021/02/07 18:35:01 [TRACE] Executing graph transform *terraform.MissingProvisionerTransformer
2021/02/07 18:35:01 [TRACE] Completed graph transform *terraform.MissingProvisionerTransformer (no changes)
2021/02/07 18:35:01 [TRACE] Executing graph transform *terraform.ProvisionerTransformer
2021/02/07 18:35:01 [TRACE] Completed graph transform *terraform.ProvisionerTransformer (no changes)
2021/02/07 18:35:01 [TRACE] Executing graph transform *terraform.graphTransformerMulti
2021/02/07 18:35:01 [TRACE] (graphTransformerMulti) Executing graph transform *terraform.ProviderConfigTransformer
2021/02/07 18:35:01 [TRACE] (graphTransformerMulti) Completed graph transform *terraform.ProviderConfigTransformer with new graph:
  script.new - *terraform.NodeValidatableResource
  ------
2021/02/07 18:35:01 [TRACE] (graphTransformerMulti) Executing graph transform *terraform.MissingProviderTransformer
2021/02/07 18:35:01 [DEBUG] adding implicit provider configuration provider["registry.terraform.io/czmirek/script"], implied first by script.new
2021/02/07 18:35:01 [TRACE] (graphTransformerMulti) Completed graph transform *terraform.MissingProviderTransformer with new graph:
  provider["registry.terraform.io/czmirek/script"] - *terraform.NodeApplyableProvider
  script.new - *terraform.NodeValidatableResource
  ------
2021/02/07 18:35:01 [TRACE] (graphTransformerMulti) Executing graph transform *terraform.ProviderTransformer
2021/02/07 18:35:01 [TRACE] ProviderTransformer: exact match for provider["registry.terraform.io/czmirek/script"] serving script.new
2021/02/07 18:35:01 [DEBUG] ProviderTransformer: "script.new" (*terraform.NodeValidatableResource) needs provider["registry.terraform.io/czmirek/script"]
2021/02/07 18:35:01 [TRACE] (graphTransformerMulti) Completed graph transform *terraform.ProviderTransformer with new graph:
  provider["registry.terraform.io/czmirek/script"] - *terraform.NodeApplyableProvider
  script.new - *terraform.NodeValidatableResource
    provider["registry.terraform.io/czmirek/script"] - *terraform.NodeApplyableProvider
  ------
2021/02/07 18:35:01 [TRACE] (graphTransformerMulti) Executing graph transform *terraform.PruneProviderTransformer
2021/02/07 18:35:01 [TRACE] (graphTransformerMulti) Completed graph transform *terraform.PruneProviderTransformer (no changes)
2021/02/07 18:35:01 [TRACE] (graphTransformerMulti) Executing graph transform *terraform.ParentProviderTransformer
2021/02/07 18:35:01 [TRACE] (graphTransformerMulti) Completed graph transform *terraform.ParentProviderTransformer (no changes)
2021/02/07 18:35:01 [TRACE] Completed graph transform *terraform.graphTransformerMulti with new graph:
  provider["registry.terraform.io/czmirek/script"] - *terraform.NodeApplyableProvider
  script.new - *terraform.NodeValidatableResource
    provider["registry.terraform.io/czmirek/script"] - *terraform.NodeApplyableProvider
  ------
2021/02/07 18:35:01 [TRACE] Executing graph transform *terraform.RemovedModuleTransformer
2021/02/07 18:35:01 [TRACE] Completed graph transform *terraform.RemovedModuleTransformer (no changes)
2021/02/07 18:35:01 [TRACE] Executing graph transform *terraform.AttachSchemaTransformer
2021/02/07 18:35:01 [TRACE] AttachSchemaTransformer: attaching resource schema to script.new
2021/02/07 18:35:01 [TRACE] AttachSchemaTransformer: attaching provider config schema to provider["registry.terraform.io/czmirek/script"]
2021/02/07 18:35:01 [TRACE] Completed graph transform *terraform.AttachSchemaTransformer (no changes)
2021/02/07 18:35:01 [TRACE] Executing graph transform *terraform.ModuleExpansionTransformer
2021/02/07 18:35:01 [TRACE] Completed graph transform *terraform.ModuleExpansionTransformer (no changes)
2021/02/07 18:35:01 [TRACE] Executing graph transform *terraform.ReferenceTransformer
2021/02/07 18:35:01 [INFO] ReferenceTransformer: reference not found: "path.module"
2021/02/07 18:35:01 [INFO] ReferenceTransformer: reference not found: "path.module"
2021/02/07 18:35:01 [INFO] ReferenceTransformer: reference not found: "path.module"
2021/02/07 18:35:01 [INFO] ReferenceTransformer: reference not found: "path.module"
2021/02/07 18:35:01 [INFO] ReferenceTransformer: reference not found: "path.module"
2021/02/07 18:35:01 [DEBUG] ReferenceTransformer: "script.new" references: []
2021/02/07 18:35:01 [DEBUG] ReferenceTransformer: "provider[\"registry.terraform.io/czmirek/script\"]" references: []
2021/02/07 18:35:01 [TRACE] Completed graph transform *terraform.ReferenceTransformer (no changes)
2021/02/07 18:35:01 [TRACE] Executing graph transform *terraform.AttachDependenciesTransformer
2021/02/07 18:35:01 [TRACE] Completed graph transform *terraform.AttachDependenciesTransformer (no changes)
2021/02/07 18:35:01 [TRACE] Executing graph transform *terraform.attachDataResourceDependenciesTransformer
2021/02/07 18:35:01 [TRACE] Completed graph transform *terraform.attachDataResourceDependenciesTransformer (no changes)
2021/02/07 18:35:01 [TRACE] Executing graph transform *terraform.TargetsTransformer
2021/02/07 18:35:01 [TRACE] Completed graph transform *terraform.TargetsTransformer (no changes)
2021/02/07 18:35:01 [TRACE] Executing graph transform *terraform.ForcedCBDTransformer
2021/02/07 18:35:01 [TRACE] Completed graph transform *terraform.ForcedCBDTransformer (no changes)
2021/02/07 18:35:01 [TRACE] Executing graph transform *terraform.CountBoundaryTransformer
2021/02/07 18:35:01 [TRACE] Completed graph transform *terraform.CountBoundaryTransformer with new graph:
  meta.count-boundary (EachMode fixup) - *terraform.NodeCountBoundary
    provider["registry.terraform.io/czmirek/script"] - *terraform.NodeApplyableProvider
    script.new - *terraform.NodeValidatableResource
  provider["registry.terraform.io/czmirek/script"] - *terraform.NodeApplyableProvider
  script.new - *terraform.NodeValidatableResource
    provider["registry.terraform.io/czmirek/script"] - *terraform.NodeApplyableProvider
  ------
2021/02/07 18:35:01 [TRACE] Executing graph transform *terraform.CloseProviderTransformer
2021/02/07 18:35:01 [TRACE] Completed graph transform *terraform.CloseProviderTransformer with new graph:
  meta.count-boundary (EachMode fixup) - *terraform.NodeCountBoundary
    provider["registry.terraform.io/czmirek/script"] - *terraform.NodeApplyableProvider
    script.new - *terraform.NodeValidatableResource
  provider["registry.terraform.io/czmirek/script"] - *terraform.NodeApplyableProvider
  provider["registry.terraform.io/czmirek/script"] (close) - *terraform.graphNodeCloseProvider
    provider["registry.terraform.io/czmirek/script"] - *terraform.NodeApplyableProvider
    script.new - *terraform.NodeValidatableResource
  script.new - *terraform.NodeValidatableResource
    provider["registry.terraform.io/czmirek/script"] - *terraform.NodeApplyableProvider
  ------
2021/02/07 18:35:01 [TRACE] Executing graph transform *terraform.CloseRootModuleTransformer
2021/02/07 18:35:01 [TRACE] Completed graph transform *terraform.CloseRootModuleTransformer with new graph:
  meta.count-boundary (EachMode fixup) - *terraform.NodeCountBoundary
    provider["registry.terraform.io/czmirek/script"] - *terraform.NodeApplyableProvider
    script.new - *terraform.NodeValidatableResource
  provider["registry.terraform.io/czmirek/script"] - *terraform.NodeApplyableProvider
  provider["registry.terraform.io/czmirek/script"] (close) - *terraform.graphNodeCloseProvider
    provider["registry.terraform.io/czmirek/script"] - *terraform.NodeApplyableProvider
    script.new - *terraform.NodeValidatableResource
  root - *terraform.nodeCloseModule
    meta.count-boundary (EachMode fixup) - *terraform.NodeCountBoundary
    provider["registry.terraform.io/czmirek/script"] (close) - *terraform.graphNodeCloseProvider
  script.new - *terraform.NodeValidatableResource
    provider["registry.terraform.io/czmirek/script"] - *terraform.NodeApplyableProvider
  ------
2021/02/07 18:35:01 [TRACE] Executing graph transform *terraform.TransitiveReductionTransformer
2021/02/07 18:35:01 [TRACE] Completed graph transform *terraform.TransitiveReductionTransformer with new graph:
  meta.count-boundary (EachMode fixup) - *terraform.NodeCountBoundary
    script.new - *terraform.NodeValidatableResource
  provider["registry.terraform.io/czmirek/script"] - *terraform.NodeApplyableProvider
  provider["registry.terraform.io/czmirek/script"] (close) - *terraform.graphNodeCloseProvider
    script.new - *terraform.NodeValidatableResource
  root - *terraform.nodeCloseModule
    meta.count-boundary (EachMode fixup) - *terraform.NodeCountBoundary
    provider["registry.terraform.io/czmirek/script"] (close) - *terraform.graphNodeCloseProvider
  script.new - *terraform.NodeValidatableResource
    provider["registry.terraform.io/czmirek/script"] - *terraform.NodeApplyableProvider
  ------
2021/02/07 18:35:01 [DEBUG] Starting graph walk: walkValidate
2021/02/07 18:35:01 [TRACE] dag/walk: visiting "provider[\"registry.terraform.io/czmirek/script\"]"
2021/02/07 18:35:01 [TRACE] vertex "provider[\"registry.terraform.io/czmirek/script\"]": starting visit (*terraform.NodeApplyableProvider)
2021-02-07T18:35:01.430+0100 [INFO]  plugin: configuring client automatic mTLS
2021-02-07T18:35:01.482+0100 [DEBUG] plugin: starting plugin: path=C:/Users/lesar/AppData/Roaming/terraform.d/plugins/windows-amd64/terraform-provider-script.exe args=[C:/Users/lesar/AppData/Roaming/terraform.d/plugins/windows-amd64/terraform-provider-script.exe]
2021-02-07T18:35:01.486+0100 [DEBUG] plugin: plugin started: path=C:/Users/lesar/AppData/Roaming/terraform.d/plugins/windows-amd64/terraform-provider-script.exe pid=17968
2021-02-07T18:35:01.487+0100 [DEBUG] plugin: waiting for RPC address: path=C:/Users/lesar/AppData/Roaming/terraform.d/plugins/windows-amd64/terraform-provider-script.exe
2021-02-07T18:35:01.514+0100 [INFO]  plugin.terraform-provider-script.exe: configuring server automatic mTLS: timestamp=2021-02-07T18:35:01.513+0100
2021-02-07T18:35:01.559+0100 [DEBUG] plugin: using plugin: version=5
2021-02-07T18:35:01.559+0100 [DEBUG] plugin.terraform-provider-script.exe: plugin address: address=127.0.0.1:10000 network=tcp timestamp=2021-02-07T18:35:01.559+0100
2021/02/07 18:35:01 [TRACE] BuiltinEvalContext: Initialized "provider[\"registry.terraform.io/czmirek/script\"]" provider for provider["registry.terraform.io/czmirek/script"]
2021-02-07T18:35:01.648+0100 [TRACE] plugin.stdio: waiting for stdio data
2021/02/07 18:35:01 [TRACE] buildProviderConfig for provider["registry.terraform.io/czmirek/script"]: no configuration at all
2021/02/07 18:35:01 [TRACE] GRPCProvider: GetSchema
2021/02/07 18:35:01 [TRACE] GRPCProvider: PrepareProviderConfig
2021/02/07 18:35:01 [TRACE] vertex "provider[\"registry.terraform.io/czmirek/script\"]": visit complete
2021/02/07 18:35:01 [TRACE] dag/walk: visiting "script.new"
2021/02/07 18:35:01 [TRACE] vertex "script.new": starting visit (*terraform.NodeValidatableResource)
2021/02/07 18:35:01 [TRACE] GRPCProvider: ValidateResourceTypeConfig
2021/02/07 18:35:01 [TRACE] vertex "script.new": visit complete
2021/02/07 18:35:01 [TRACE] dag/walk: visiting "provider[\"registry.terraform.io/czmirek/script\"] (close)"
2021/02/07 18:35:01 [TRACE] vertex "provider[\"registry.terraform.io/czmirek/script\"] (close)": starting visit (*terraform.graphNodeCloseProvider)
2021/02/07 18:35:01 [TRACE] GRPCProvider: Close
2021/02/07 18:35:01 [TRACE] dag/walk: visiting "meta.count-boundary (EachMode fixup)"
2021/02/07 18:35:01 [TRACE] vertex "meta.count-boundary (EachMode fixup)": starting visit (*terraform.NodeCountBoundary)
2021/02/07 18:35:01 [TRACE] vertex "meta.count-boundary (EachMode fixup)": visit complete
2021-02-07T18:35:01.654+0100 [WARN]  plugin.stdio: received EOF, stopping recv loop: err="rpc error: code = Unavailable desc = transport is closing"
2021-02-07T18:35:01.667+0100 [DEBUG] plugin: plugin process exited: path=C:/Users/lesar/AppData/Roaming/terraform.d/plugins/windows-amd64/terraform-provider-script.exe pid=17968
2021-02-07T18:35:01.667+0100 [DEBUG] plugin: plugin exited
2021/02/07 18:35:01 [TRACE] vertex "provider[\"registry.terraform.io/czmirek/script\"] (close)": visit complete
2021/02/07 18:35:01 [TRACE] dag/walk: visiting "root"
2021/02/07 18:35:01 [TRACE] vertex "root": starting visit (*terraform.nodeCloseModule)
2021/02/07 18:35:01 [TRACE] vertex "root": visit complete
2021/02/07 18:35:01 [INFO] backend/local: apply calling Plan
2021/02/07 18:35:01 [INFO] terraform: building graph: GraphTypePlan
2021/02/07 18:35:01 [TRACE] Executing graph transform *terraform.ConfigTransformer
2021/02/07 18:35:01 [TRACE] ConfigTransformer: Starting for path: 
2021/02/07 18:35:01 [TRACE] Completed graph transform *terraform.ConfigTransformer with new graph:
  script.new (expand) - *terraform.nodeExpandPlannableResource
  ------
2021/02/07 18:35:01 [TRACE] Executing graph transform *terraform.RootVariableTransformer
2021/02/07 18:35:01 [TRACE] Completed graph transform *terraform.RootVariableTransformer (no changes)
2021/02/07 18:35:01 [TRACE] Executing graph transform *terraform.ModuleVariableTransformer
2021/02/07 18:35:01 [TRACE] Completed graph transform *terraform.ModuleVariableTransformer (no changes)
2021/02/07 18:35:01 [TRACE] Executing graph transform *terraform.LocalTransformer
2021/02/07 18:35:01 [TRACE] Completed graph transform *terraform.LocalTransformer (no changes)
2021/02/07 18:35:01 [TRACE] Executing graph transform *terraform.OutputTransformer
2021/02/07 18:35:01 [TRACE] Completed graph transform *terraform.OutputTransformer (no changes)
2021/02/07 18:35:01 [TRACE] Executing graph transform *terraform.OrphanResourceInstanceTransformer
2021/02/07 18:35:01 [TRACE] Completed graph transform *terraform.OrphanResourceInstanceTransformer (no changes)
2021/02/07 18:35:01 [TRACE] Executing graph transform *terraform.StateTransformer
2021/02/07 18:35:01 [TRACE] StateTransformer: state is empty, so nothing to do
2021/02/07 18:35:01 [TRACE] Completed graph transform *terraform.StateTransformer (no changes)
2021/02/07 18:35:01 [TRACE] Executing graph transform *terraform.AttachStateTransformer
2021/02/07 18:35:01 [TRACE] Completed graph transform *terraform.AttachStateTransformer (no changes)
2021/02/07 18:35:01 [TRACE] Executing graph transform *terraform.OrphanOutputTransformer
2021/02/07 18:35:01 [TRACE] Completed graph transform *terraform.OrphanOutputTransformer (no changes)
2021/02/07 18:35:01 [TRACE] Executing graph transform *terraform.AttachResourceConfigTransformer
2021/02/07 18:35:01 [TRACE] AttachResourceConfigTransformer: attaching to "script.new (expand)" (*terraform.nodeExpandPlannableResource) config from main.tf:9,1-24
2021/02/07 18:35:01 [TRACE] AttachResourceConfigTransformer: attaching provider meta configs to script.new (expand)
2021/02/07 18:35:01 [TRACE] Completed graph transform *terraform.AttachResourceConfigTransformer (no changes)
2021/02/07 18:35:01 [TRACE] Executing graph transform *terraform.MissingProvisionerTransformer
2021/02/07 18:35:01 [TRACE] Completed graph transform *terraform.MissingProvisionerTransformer (no changes)
2021/02/07 18:35:01 [TRACE] Executing graph transform *terraform.ProvisionerTransformer
2021/02/07 18:35:01 [TRACE] Completed graph transform *terraform.ProvisionerTransformer (no changes)
2021/02/07 18:35:01 [TRACE] Executing graph transform *terraform.graphTransformerMulti
2021/02/07 18:35:01 [TRACE] (graphTransformerMulti) Executing graph transform *terraform.ProviderConfigTransformer
2021/02/07 18:35:01 [TRACE] (graphTransformerMulti) Completed graph transform *terraform.ProviderConfigTransformer with new graph:
  script.new (expand) - *terraform.nodeExpandPlannableResource
  ------
2021/02/07 18:35:01 [TRACE] (graphTransformerMulti) Executing graph transform *terraform.MissingProviderTransformer
2021/02/07 18:35:01 [DEBUG] adding implicit provider configuration provider["registry.terraform.io/czmirek/script"], implied first by script.new (expand)
2021/02/07 18:35:01 [TRACE] (graphTransformerMulti) Completed graph transform *terraform.MissingProviderTransformer with new graph:
  provider["registry.terraform.io/czmirek/script"] - *terraform.NodeApplyableProvider
  script.new (expand) - *terraform.nodeExpandPlannableResource
  ------
2021/02/07 18:35:01 [TRACE] (graphTransformerMulti) Executing graph transform *terraform.ProviderTransformer
2021/02/07 18:35:01 [TRACE] ProviderTransformer: exact match for provider["registry.terraform.io/czmirek/script"] serving script.new (expand)
2021/02/07 18:35:01 [DEBUG] ProviderTransformer: "script.new (expand)" (*terraform.nodeExpandPlannableResource) needs provider["registry.terraform.io/czmirek/script"]
2021/02/07 18:35:01 [TRACE] (graphTransformerMulti) Completed graph transform *terraform.ProviderTransformer with new graph:
  provider["registry.terraform.io/czmirek/script"] - *terraform.NodeApplyableProvider
  script.new (expand) - *terraform.nodeExpandPlannableResource
    provider["registry.terraform.io/czmirek/script"] - *terraform.NodeApplyableProvider
  ------
2021/02/07 18:35:01 [TRACE] (graphTransformerMulti) Executing graph transform *terraform.PruneProviderTransformer
2021/02/07 18:35:01 [TRACE] (graphTransformerMulti) Completed graph transform *terraform.PruneProviderTransformer (no changes)
2021/02/07 18:35:01 [TRACE] (graphTransformerMulti) Executing graph transform *terraform.ParentProviderTransformer
2021/02/07 18:35:01 [TRACE] (graphTransformerMulti) Completed graph transform *terraform.ParentProviderTransformer (no changes)
2021/02/07 18:35:01 [TRACE] Completed graph transform *terraform.graphTransformerMulti with new graph:
  provider["registry.terraform.io/czmirek/script"] - *terraform.NodeApplyableProvider
  script.new (expand) - *terraform.nodeExpandPlannableResource
    provider["registry.terraform.io/czmirek/script"] - *terraform.NodeApplyableProvider
  ------
2021/02/07 18:35:01 [TRACE] Executing graph transform *terraform.RemovedModuleTransformer
2021/02/07 18:35:01 [TRACE] Completed graph transform *terraform.RemovedModuleTransformer (no changes)
2021/02/07 18:35:01 [TRACE] Executing graph transform *terraform.AttachSchemaTransformer
2021/02/07 18:35:01 [TRACE] AttachSchemaTransformer: attaching resource schema to script.new (expand)
2021/02/07 18:35:01 [TRACE] AttachSchemaTransformer: attaching provider config schema to provider["registry.terraform.io/czmirek/script"]
2021/02/07 18:35:01 [TRACE] Completed graph transform *terraform.AttachSchemaTransformer (no changes)
2021/02/07 18:35:01 [TRACE] Executing graph transform *terraform.ModuleExpansionTransformer
2021/02/07 18:35:01 [TRACE] Completed graph transform *terraform.ModuleExpansionTransformer (no changes)
2021/02/07 18:35:01 [TRACE] Executing graph transform *terraform.ReferenceTransformer
2021/02/07 18:35:01 [INFO] ReferenceTransformer: reference not found: "path.module"
2021/02/07 18:35:01 [INFO] ReferenceTransformer: reference not found: "path.module"
2021/02/07 18:35:01 [INFO] ReferenceTransformer: reference not found: "path.module"
2021/02/07 18:35:01 [INFO] ReferenceTransformer: reference not found: "path.module"
2021/02/07 18:35:01 [INFO] ReferenceTransformer: reference not found: "path.module"
2021/02/07 18:35:01 [DEBUG] ReferenceTransformer: "script.new (expand)" references: []
2021/02/07 18:35:01 [DEBUG] ReferenceTransformer: "provider[\"registry.terraform.io/czmirek/script\"]" references: []
2021/02/07 18:35:01 [TRACE] Completed graph transform *terraform.ReferenceTransformer (no changes)
2021/02/07 18:35:01 [TRACE] Executing graph transform *terraform.AttachDependenciesTransformer
2021/02/07 18:35:01 [TRACE] AttachDependenciesTransformer: script.new depends on []
2021/02/07 18:35:01 [TRACE] Completed graph transform *terraform.AttachDependenciesTransformer (no changes)
2021/02/07 18:35:01 [TRACE] Executing graph transform *terraform.attachDataResourceDependenciesTransformer
2021/02/07 18:35:01 [TRACE] Completed graph transform *terraform.attachDataResourceDependenciesTransformer (no changes)
2021/02/07 18:35:01 [TRACE] Executing graph transform *terraform.TargetsTransformer
2021/02/07 18:35:01 [TRACE] Completed graph transform *terraform.TargetsTransformer (no changes)
2021/02/07 18:35:01 [TRACE] Executing graph transform *terraform.ForcedCBDTransformer
2021/02/07 18:35:01 [TRACE] ForcedCBDTransformer: "script.new (expand)" (*terraform.nodeExpandPlannableResource) has no CBD descendent, so skipping
2021/02/07 18:35:01 [TRACE] Completed graph transform *terraform.ForcedCBDTransformer (no changes)
2021/02/07 18:35:01 [TRACE] Executing graph transform *terraform.CountBoundaryTransformer
2021/02/07 18:35:01 [TRACE] Completed graph transform *terraform.CountBoundaryTransformer with new graph:
  meta.count-boundary (EachMode fixup) - *terraform.NodeCountBoundary
    provider["registry.terraform.io/czmirek/script"] - *terraform.NodeApplyableProvider
    script.new (expand) - *terraform.nodeExpandPlannableResource
  provider["registry.terraform.io/czmirek/script"] - *terraform.NodeApplyableProvider
  script.new (expand) - *terraform.nodeExpandPlannableResource
    provider["registry.terraform.io/czmirek/script"] - *terraform.NodeApplyableProvider
  ------
2021/02/07 18:35:01 [TRACE] Executing graph transform *terraform.CloseProviderTransformer
2021/02/07 18:35:01 [TRACE] Completed graph transform *terraform.CloseProviderTransformer with new graph:
  meta.count-boundary (EachMode fixup) - *terraform.NodeCountBoundary
    provider["registry.terraform.io/czmirek/script"] - *terraform.NodeApplyableProvider
    script.new (expand) - *terraform.nodeExpandPlannableResource
  provider["registry.terraform.io/czmirek/script"] - *terraform.NodeApplyableProvider
  provider["registry.terraform.io/czmirek/script"] (close) - *terraform.graphNodeCloseProvider
    provider["registry.terraform.io/czmirek/script"] - *terraform.NodeApplyableProvider
    script.new (expand) - *terraform.nodeExpandPlannableResource
  script.new (expand) - *terraform.nodeExpandPlannableResource
    provider["registry.terraform.io/czmirek/script"] - *terraform.NodeApplyableProvider
  ------
2021/02/07 18:35:01 [TRACE] Executing graph transform *terraform.CloseRootModuleTransformer
2021/02/07 18:35:01 [TRACE] Completed graph transform *terraform.CloseRootModuleTransformer with new graph:
  meta.count-boundary (EachMode fixup) - *terraform.NodeCountBoundary
    provider["registry.terraform.io/czmirek/script"] - *terraform.NodeApplyableProvider
    script.new (expand) - *terraform.nodeExpandPlannableResource
  provider["registry.terraform.io/czmirek/script"] - *terraform.NodeApplyableProvider
  provider["registry.terraform.io/czmirek/script"] (close) - *terraform.graphNodeCloseProvider
    provider["registry.terraform.io/czmirek/script"] - *terraform.NodeApplyableProvider
    script.new (expand) - *terraform.nodeExpandPlannableResource
  root - *terraform.nodeCloseModule
    meta.count-boundary (EachMode fixup) - *terraform.NodeCountBoundary
    provider["registry.terraform.io/czmirek/script"] (close) - *terraform.graphNodeCloseProvider
  script.new (expand) - *terraform.nodeExpandPlannableResource
    provider["registry.terraform.io/czmirek/script"] - *terraform.NodeApplyableProvider
  ------
2021/02/07 18:35:01 [TRACE] Executing graph transform *terraform.TransitiveReductionTransformer
2021/02/07 18:35:01 [TRACE] Completed graph transform *terraform.TransitiveReductionTransformer with new graph:
  meta.count-boundary (EachMode fixup) - *terraform.NodeCountBoundary
    script.new (expand) - *terraform.nodeExpandPlannableResource
  provider["registry.terraform.io/czmirek/script"] - *terraform.NodeApplyableProvider
  provider["registry.terraform.io/czmirek/script"] (close) - *terraform.graphNodeCloseProvider
    script.new (expand) - *terraform.nodeExpandPlannableResource
  root - *terraform.nodeCloseModule
    meta.count-boundary (EachMode fixup) - *terraform.NodeCountBoundary
    provider["registry.terraform.io/czmirek/script"] (close) - *terraform.graphNodeCloseProvider
  script.new (expand) - *terraform.nodeExpandPlannableResource
    provider["registry.terraform.io/czmirek/script"] - *terraform.NodeApplyableProvider
  ------
2021/02/07 18:35:01 [DEBUG] Starting graph walk: walkPlan
2021/02/07 18:35:01 [TRACE] dag/walk: visiting "provider[\"registry.terraform.io/czmirek/script\"]"
2021/02/07 18:35:01 [TRACE] vertex "provider[\"registry.terraform.io/czmirek/script\"]": starting visit (*terraform.NodeApplyableProvider)
2021-02-07T18:35:01.672+0100 [INFO]  plugin: configuring client automatic mTLS
2021-02-07T18:35:01.716+0100 [DEBUG] plugin: starting plugin: path=C:/Users/lesar/AppData/Roaming/terraform.d/plugins/windows-amd64/terraform-provider-script.exe args=[C:/Users/lesar/AppData/Roaming/terraform.d/plugins/windows-amd64/terraform-provider-script.exe]
2021-02-07T18:35:01.720+0100 [DEBUG] plugin: plugin started: path=C:/Users/lesar/AppData/Roaming/terraform.d/plugins/windows-amd64/terraform-provider-script.exe pid=5860
2021-02-07T18:35:01.720+0100 [DEBUG] plugin: waiting for RPC address: path=C:/Users/lesar/AppData/Roaming/terraform.d/plugins/windows-amd64/terraform-provider-script.exe
2021-02-07T18:35:01.744+0100 [INFO]  plugin.terraform-provider-script.exe: configuring server automatic mTLS: timestamp=2021-02-07T18:35:01.743+0100
2021-02-07T18:35:01.788+0100 [DEBUG] plugin: using plugin: version=5
2021-02-07T18:35:01.788+0100 [DEBUG] plugin.terraform-provider-script.exe: plugin address: address=127.0.0.1:10000 network=tcp timestamp=2021-02-07T18:35:01.788+0100
2021/02/07 18:35:01 [TRACE] BuiltinEvalContext: Initialized "provider[\"registry.terraform.io/czmirek/script\"]" provider for provider["registry.terraform.io/czmirek/script"]
2021/02/07 18:35:01 [TRACE] buildProviderConfig for provider["registry.terraform.io/czmirek/script"]: no configuration at all
2021/02/07 18:35:01 [TRACE] GRPCProvider: GetSchema
2021-02-07T18:35:01.875+0100 [TRACE] plugin.stdio: waiting for stdio data
2021/02/07 18:35:01 [TRACE] GRPCProvider: Configure
2021/02/07 18:35:01 [TRACE] vertex "provider[\"registry.terraform.io/czmirek/script\"]": visit complete
2021/02/07 18:35:01 [TRACE] dag/walk: visiting "script.new (expand)"
2021/02/07 18:35:01 [TRACE] vertex "script.new (expand)": starting visit (*terraform.nodeExpandPlannableResource)
2021/02/07 18:35:01 [TRACE] vertex "script.new (expand)": expanding dynamic subgraph
2021/02/07 18:35:01 [TRACE] vertex "script.new (expand)": entering dynamic subgraph
2021/02/07 18:35:01 [TRACE] dag/walk: visiting "script.new"
2021/02/07 18:35:01 [TRACE] vertex "script.new": starting visit (*terraform.NodePlannableResource)
2021/02/07 18:35:01 [TRACE] vertex "script.new": expanding dynamic subgraph
2021/02/07 18:35:01 [TRACE] Executing graph transform *terraform.ResourceCountTransformer
2021/02/07 18:35:01 [TRACE] ResourceCountTransformer: adding script.new as *terraform.NodePlannableResourceInstance
2021/02/07 18:35:01 [TRACE] Completed graph transform *terraform.ResourceCountTransformer with new graph:
  script.new - *terraform.NodePlannableResourceInstance
  ------
2021/02/07 18:35:01 [TRACE] Executing graph transform *terraform.OrphanResourceInstanceCountTransformer
2021/02/07 18:35:01 [TRACE] Completed graph transform *terraform.OrphanResourceInstanceCountTransformer (no changes)
2021/02/07 18:35:01 [TRACE] Executing graph transform *terraform.AttachStateTransformer
2021/02/07 18:35:01 [DEBUG] Resource instance state not found for node "script.new", instance script.new
2021/02/07 18:35:01 [TRACE] Completed graph transform *terraform.AttachStateTransformer (no changes)
2021/02/07 18:35:01 [TRACE] Executing graph transform *terraform.TargetsTransformer
2021/02/07 18:35:01 [TRACE] Completed graph transform *terraform.TargetsTransformer (no changes)
2021/02/07 18:35:01 [TRACE] Executing graph transform *terraform.ReferenceTransformer
2021/02/07 18:35:01 [INFO] ReferenceTransformer: reference not found: "path.module"
2021/02/07 18:35:01 [INFO] ReferenceTransformer: reference not found: "path.module"
2021/02/07 18:35:01 [INFO] ReferenceTransformer: reference not found: "path.module"
2021/02/07 18:35:01 [INFO] ReferenceTransformer: reference not found: "path.module"
2021/02/07 18:35:01 [INFO] ReferenceTransformer: reference not found: "path.module"
2021/02/07 18:35:01 [DEBUG] ReferenceTransformer: "script.new" references: []
2021/02/07 18:35:01 [TRACE] Completed graph transform *terraform.ReferenceTransformer (no changes)
2021/02/07 18:35:01 [TRACE] Executing graph transform *terraform.RootTransformer
2021/02/07 18:35:01 [TRACE] Completed graph transform *terraform.RootTransformer (no changes)
2021/02/07 18:35:01 [TRACE] vertex "script.new": entering dynamic subgraph
2021/02/07 18:35:01 [TRACE] dag/walk: visiting "script.new"
2021/02/07 18:35:01 [TRACE] vertex "script.new": starting visit (*terraform.NodePlannableResourceInstance)
2021/02/07 18:35:01 [TRACE] ReadResourceInstanceState: reading state for script.new
2021/02/07 18:35:01 [TRACE] ReadResourceInstanceState: no state present for script.new
2021/02/07 18:35:01 [DEBUG] refresh: script.new: no state, so not refreshing
2021/02/07 18:35:01 [TRACE] EvalWriteState: using RefreshState for script.new
2021/02/07 18:35:01 [TRACE] EvalWriteState: removing state object for script.new
2021/02/07 18:35:01 [TRACE] Re-validating config for "script.new"
2021/02/07 18:35:01 [TRACE] GRPCProvider: ValidateResourceTypeConfig
2021/02/07 18:35:01 [TRACE] GRPCProvider: PlanResourceChange
2021/02/07 18:35:01 [TRACE] EvalWriteState: writing current state object for script.new
2021/02/07 18:35:01 [TRACE] EvalWriteDiff: recorded Create change for script.new
2021/02/07 18:35:01 [TRACE] vertex "script.new": visit complete
2021/02/07 18:35:01 [TRACE] vertex "script.new": dynamic subgraph completed successfully
2021/02/07 18:35:01 [TRACE] vertex "script.new": visit complete
2021/02/07 18:35:01 [TRACE] vertex "script.new (expand)": dynamic subgraph completed successfully
2021/02/07 18:35:01 [TRACE] vertex "script.new (expand)": visit complete
2021/02/07 18:35:01 [TRACE] dag/walk: visiting "meta.count-boundary (EachMode fixup)"
2021/02/07 18:35:01 [TRACE] vertex "meta.count-boundary (EachMode fixup)": starting visit (*terraform.NodeCountBoundary)
2021/02/07 18:35:01 [TRACE] dag/walk: visiting "provider[\"registry.terraform.io/czmirek/script\"] (close)"
2021/02/07 18:35:01 [TRACE] vertex "meta.count-boundary (EachMode fixup)": visit complete
2021/02/07 18:35:01 [TRACE] vertex "provider[\"registry.terraform.io/czmirek/script\"] (close)": starting visit (*terraform.graphNodeCloseProvider)
2021/02/07 18:35:01 [TRACE] GRPCProvider: Close
2021-02-07T18:35:01.883+0100 [WARN]  plugin.stdio: received EOF, stopping recv loop: err="rpc error: code = Unavailable desc = transport is closing"
2021-02-07T18:35:01.893+0100 [DEBUG] plugin: plugin process exited: path=C:/Users/lesar/AppData/Roaming/terraform.d/plugins/windows-amd64/terraform-provider-script.exe pid=5860
2021-02-07T18:35:01.893+0100 [DEBUG] plugin: plugin exited
2021/02/07 18:35:01 [TRACE] vertex "provider[\"registry.terraform.io/czmirek/script\"] (close)": visit complete
2021/02/07 18:35:01 [TRACE] dag/walk: visiting "root"
2021/02/07 18:35:01 [TRACE] vertex "root": starting visit (*terraform.nodeCloseModule)
2021/02/07 18:35:01 [TRACE] vertex "root": visit complete
2021/02/07 18:35:01 [INFO] backend/local: apply calling Apply
2021/02/07 18:35:01 [INFO] terraform: building graph: GraphTypeApply
2021/02/07 18:35:01 [TRACE] Executing graph transform *terraform.ConfigTransformer
2021/02/07 18:35:01 [TRACE] ConfigTransformer: Starting for path: 
2021/02/07 18:35:01 [TRACE] Completed graph transform *terraform.ConfigTransformer with new graph:
  script.new (expand) - *terraform.nodeExpandApplyableResource
  ------
2021/02/07 18:35:01 [TRACE] Executing graph transform *terraform.RootVariableTransformer
2021/02/07 18:35:01 [TRACE] Completed graph transform *terraform.RootVariableTransformer (no changes)
2021/02/07 18:35:01 [TRACE] Executing graph transform *terraform.ModuleVariableTransformer
2021/02/07 18:35:01 [TRACE] Completed graph transform *terraform.ModuleVariableTransformer (no changes)
2021/02/07 18:35:01 [TRACE] Executing graph transform *terraform.LocalTransformer
2021/02/07 18:35:01 [TRACE] Completed graph transform *terraform.LocalTransformer (no changes)
2021/02/07 18:35:01 [TRACE] Executing graph transform *terraform.OutputTransformer
2021/02/07 18:35:01 [TRACE] Completed graph transform *terraform.OutputTransformer (no changes)
2021/02/07 18:35:01 [TRACE] Executing graph transform *terraform.DiffTransformer
2021/02/07 18:35:01 [TRACE] DiffTransformer starting
2021/02/07 18:35:01 [TRACE] DiffTransformer: found Create change for script.new 
2021/02/07 18:35:01 [TRACE] DiffTransformer: script.new will be represented by script.new
2021/02/07 18:35:01 [TRACE] DiffTransformer complete
2021/02/07 18:35:01 [TRACE] Completed graph transform *terraform.DiffTransformer with new graph:
  script.new - *terraform.NodeApplyableResourceInstance
    script.new (expand) - *terraform.nodeExpandApplyableResource
  script.new (expand) - *terraform.nodeExpandApplyableResource
  ------
2021/02/07 18:35:01 [TRACE] Executing graph transform *terraform.AttachStateTransformer
2021/02/07 18:35:01 [DEBUG] Resource state not found for node "script.new", instance script.new
2021/02/07 18:35:01 [TRACE] Completed graph transform *terraform.AttachStateTransformer (no changes)
2021/02/07 18:35:01 [TRACE] Executing graph transform *terraform.OrphanOutputTransformer
2021/02/07 18:35:01 [TRACE] Completed graph transform *terraform.OrphanOutputTransformer (no changes)
2021/02/07 18:35:01 [TRACE] Executing graph transform *terraform.AttachResourceConfigTransformer
2021/02/07 18:35:01 [TRACE] AttachResourceConfigTransformer: attaching to "script.new (expand)" (*terraform.nodeExpandApplyableResource) config from main.tf:9,1-24
2021/02/07 18:35:01 [TRACE] AttachResourceConfigTransformer: attaching provider meta configs to script.new (expand)
2021/02/07 18:35:01 [TRACE] AttachResourceConfigTransformer: attaching to "script.new" (*terraform.NodeApplyableResourceInstance) config from main.tf:9,1-24
2021/02/07 18:35:01 [TRACE] AttachResourceConfigTransformer: attaching provider meta configs to script.new
2021/02/07 18:35:01 [TRACE] Completed graph transform *terraform.AttachResourceConfigTransformer (no changes)
2021/02/07 18:35:01 [TRACE] Executing graph transform *terraform.MissingProvisionerTransformer
2021/02/07 18:35:01 [TRACE] Completed graph transform *terraform.MissingProvisionerTransformer (no changes)
2021/02/07 18:35:01 [TRACE] Executing graph transform *terraform.ProvisionerTransformer
2021/02/07 18:35:01 [TRACE] Completed graph transform *terraform.ProvisionerTransformer (no changes)
2021/02/07 18:35:01 [TRACE] Executing graph transform *terraform.graphTransformerMulti
2021/02/07 18:35:01 [TRACE] (graphTransformerMulti) Executing graph transform *terraform.ProviderConfigTransformer
2021/02/07 18:35:01 [TRACE] (graphTransformerMulti) Completed graph transform *terraform.ProviderConfigTransformer with new graph:
  script.new - *terraform.NodeApplyableResourceInstance
    script.new (expand) - *terraform.nodeExpandApplyableResource
  script.new (expand) - *terraform.nodeExpandApplyableResource
  ------
2021/02/07 18:35:01 [TRACE] (graphTransformerMulti) Executing graph transform *terraform.MissingProviderTransformer
2021/02/07 18:35:01 [DEBUG] adding implicit provider configuration provider["registry.terraform.io/czmirek/script"], implied first by script.new (expand)
2021/02/07 18:35:01 [TRACE] (graphTransformerMulti) Completed graph transform *terraform.MissingProviderTransformer with new graph:
  provider["registry.terraform.io/czmirek/script"] - *terraform.NodeApplyableProvider
  script.new - *terraform.NodeApplyableResourceInstance
    script.new (expand) - *terraform.nodeExpandApplyableResource
  script.new (expand) - *terraform.nodeExpandApplyableResource
  ------
2021/02/07 18:35:01 [TRACE] (graphTransformerMulti) Executing graph transform *terraform.ProviderTransformer
2021/02/07 18:35:01 [TRACE] ProviderTransformer: exact match for provider["registry.terraform.io/czmirek/script"] serving script.new (expand)
2021/02/07 18:35:01 [DEBUG] ProviderTransformer: "script.new (expand)" (*terraform.nodeExpandApplyableResource) needs provider["registry.terraform.io/czmirek/script"]
2021/02/07 18:35:01 [TRACE] ProviderTransformer: exact match for provider["registry.terraform.io/czmirek/script"] serving script.new
2021/02/07 18:35:01 [DEBUG] ProviderTransformer: "script.new" (*terraform.NodeApplyableResourceInstance) needs provider["registry.terraform.io/czmirek/script"]
2021/02/07 18:35:01 [TRACE] (graphTransformerMulti) Completed graph transform *terraform.ProviderTransformer with new graph:
  provider["registry.terraform.io/czmirek/script"] - *terraform.NodeApplyableProvider
  script.new - *terraform.NodeApplyableResourceInstance
    provider["registry.terraform.io/czmirek/script"] - *terraform.NodeApplyableProvider
    script.new (expand) - *terraform.nodeExpandApplyableResource
  script.new (expand) - *terraform.nodeExpandApplyableResource
    provider["registry.terraform.io/czmirek/script"] - *terraform.NodeApplyableProvider
  ------
2021/02/07 18:35:01 [TRACE] (graphTransformerMulti) Executing graph transform *terraform.PruneProviderTransformer
2021/02/07 18:35:01 [TRACE] (graphTransformerMulti) Completed graph transform *terraform.PruneProviderTransformer (no changes)
2021/02/07 18:35:01 [TRACE] (graphTransformerMulti) Executing graph transform *terraform.ParentProviderTransformer
2021/02/07 18:35:01 [TRACE] (graphTransformerMulti) Completed graph transform *terraform.ParentProviderTransformer (no changes)
2021/02/07 18:35:01 [TRACE] Completed graph transform *terraform.graphTransformerMulti with new graph:
  provider["registry.terraform.io/czmirek/script"] - *terraform.NodeApplyableProvider
  script.new - *terraform.NodeApplyableResourceInstance
    provider["registry.terraform.io/czmirek/script"] - *terraform.NodeApplyableProvider
    script.new (expand) - *terraform.nodeExpandApplyableResource
  script.new (expand) - *terraform.nodeExpandApplyableResource
    provider["registry.terraform.io/czmirek/script"] - *terraform.NodeApplyableProvider
  ------
2021/02/07 18:35:01 [TRACE] Executing graph transform *terraform.RemovedModuleTransformer
2021/02/07 18:35:01 [TRACE] Completed graph transform *terraform.RemovedModuleTransformer (no changes)
2021/02/07 18:35:01 [TRACE] Executing graph transform *terraform.AttachSchemaTransformer
2021/02/07 18:35:01 [TRACE] AttachSchemaTransformer: attaching resource schema to script.new (expand)
2021/02/07 18:35:01 [TRACE] AttachSchemaTransformer: attaching resource schema to script.new
2021/02/07 18:35:01 [TRACE] AttachSchemaTransformer: attaching provider config schema to provider["registry.terraform.io/czmirek/script"]
2021/02/07 18:35:01 [TRACE] Completed graph transform *terraform.AttachSchemaTransformer (no changes)
2021/02/07 18:35:01 [TRACE] Executing graph transform *terraform.ModuleExpansionTransformer
2021/02/07 18:35:01 [TRACE] Completed graph transform *terraform.ModuleExpansionTransformer (no changes)
2021/02/07 18:35:01 [TRACE] Executing graph transform *terraform.ReferenceTransformer
2021/02/07 18:35:01 [DEBUG] ReferenceTransformer: "script.new (expand)" references: []
2021/02/07 18:35:01 [INFO] ReferenceTransformer: reference not found: "path.module"
2021/02/07 18:35:01 [INFO] ReferenceTransformer: reference not found: "path.module"
2021/02/07 18:35:01 [INFO] ReferenceTransformer: reference not found: "path.module"
2021/02/07 18:35:01 [INFO] ReferenceTransformer: reference not found: "path.module"
2021/02/07 18:35:01 [INFO] ReferenceTransformer: reference not found: "path.module"
2021/02/07 18:35:01 [DEBUG] ReferenceTransformer: "script.new" references: []
2021/02/07 18:35:01 [DEBUG] ReferenceTransformer: "provider[\"registry.terraform.io/czmirek/script\"]" references: []
2021/02/07 18:35:01 [TRACE] Completed graph transform *terraform.ReferenceTransformer (no changes)
2021/02/07 18:35:01 [TRACE] Executing graph transform *terraform.AttachDependenciesTransformer
2021/02/07 18:35:01 [TRACE] AttachDependenciesTransformer: script.new depends on []
2021/02/07 18:35:01 [TRACE] Completed graph transform *terraform.AttachDependenciesTransformer (no changes)
2021/02/07 18:35:01 [TRACE] Executing graph transform *terraform.ForcedCBDTransformer
2021/02/07 18:35:01 [TRACE] ForcedCBDTransformer: "script.new" (*terraform.NodeApplyableResourceInstance) has no CBD descendent, so skipping
2021/02/07 18:35:01 [TRACE] Completed graph transform *terraform.ForcedCBDTransformer (no changes)
2021/02/07 18:35:01 [TRACE] Executing graph transform *terraform.DestroyEdgeTransformer
2021/02/07 18:35:01 [TRACE] Completed graph transform *terraform.DestroyEdgeTransformer (no changes)
2021/02/07 18:35:01 [TRACE] Executing graph transform *terraform.CBDEdgeTransformer
2021/02/07 18:35:01 [TRACE] Completed graph transform *terraform.CBDEdgeTransformer (no changes)
2021/02/07 18:35:01 [TRACE] Executing graph transform *terraform.pruneUnusedNodesTransformer
2021/02/07 18:35:01 [TRACE] Completed graph transform *terraform.pruneUnusedNodesTransformer (no changes)
2021/02/07 18:35:01 [TRACE] Executing graph transform *terraform.TargetsTransformer
2021/02/07 18:35:01 [TRACE] Completed graph transform *terraform.TargetsTransformer (no changes)
2021/02/07 18:35:01 [TRACE] Executing graph transform *terraform.CountBoundaryTransformer
2021/02/07 18:35:01 [TRACE] Completed graph transform *terraform.CountBoundaryTransformer with new graph:
  meta.count-boundary (EachMode fixup) - *terraform.NodeCountBoundary
    provider["registry.terraform.io/czmirek/script"] - *terraform.NodeApplyableProvider
    script.new - *terraform.NodeApplyableResourceInstance
    script.new (expand) - *terraform.nodeExpandApplyableResource
  provider["registry.terraform.io/czmirek/script"] - *terraform.NodeApplyableProvider
  script.new - *terraform.NodeApplyableResourceInstance
    provider["registry.terraform.io/czmirek/script"] - *terraform.NodeApplyableProvider
    script.new (expand) - *terraform.nodeExpandApplyableResource
  script.new (expand) - *terraform.nodeExpandApplyableResource
    provider["registry.terraform.io/czmirek/script"] - *terraform.NodeApplyableProvider
  ------
2021/02/07 18:35:01 [TRACE] Executing graph transform *terraform.CloseProviderTransformer
2021/02/07 18:35:01 [TRACE] Completed graph transform *terraform.CloseProviderTransformer with new graph:
  meta.count-boundary (EachMode fixup) - *terraform.NodeCountBoundary
    provider["registry.terraform.io/czmirek/script"] - *terraform.NodeApplyableProvider
    script.new - *terraform.NodeApplyableResourceInstance
    script.new (expand) - *terraform.nodeExpandApplyableResource
  provider["registry.terraform.io/czmirek/script"] - *terraform.NodeApplyableProvider
  provider["registry.terraform.io/czmirek/script"] (close) - *terraform.graphNodeCloseProvider
    provider["registry.terraform.io/czmirek/script"] - *terraform.NodeApplyableProvider
    script.new - *terraform.NodeApplyableResourceInstance
    script.new (expand) - *terraform.nodeExpandApplyableResource
  script.new - *terraform.NodeApplyableResourceInstance
    provider["registry.terraform.io/czmirek/script"] - *terraform.NodeApplyableProvider
    script.new (expand) - *terraform.nodeExpandApplyableResource
  script.new (expand) - *terraform.nodeExpandApplyableResource
    provider["registry.terraform.io/czmirek/script"] - *terraform.NodeApplyableProvider
  ------
2021/02/07 18:35:01 [TRACE] Executing graph transform *terraform.CloseProvisionerTransformer
2021/02/07 18:35:01 [TRACE] Completed graph transform *terraform.CloseProvisionerTransformer (no changes)
2021/02/07 18:35:01 [TRACE] Executing graph transform *terraform.CloseRootModuleTransformer
2021/02/07 18:35:01 [TRACE] Completed graph transform *terraform.CloseRootModuleTransformer with new graph:
  meta.count-boundary (EachMode fixup) - *terraform.NodeCountBoundary
    provider["registry.terraform.io/czmirek/script"] - *terraform.NodeApplyableProvider
    script.new - *terraform.NodeApplyableResourceInstance
    script.new (expand) - *terraform.nodeExpandApplyableResource
  provider["registry.terraform.io/czmirek/script"] - *terraform.NodeApplyableProvider
  provider["registry.terraform.io/czmirek/script"] (close) - *terraform.graphNodeCloseProvider
    provider["registry.terraform.io/czmirek/script"] - *terraform.NodeApplyableProvider
    script.new - *terraform.NodeApplyableResourceInstance
    script.new (expand) - *terraform.nodeExpandApplyableResource
  root - *terraform.nodeCloseModule
    meta.count-boundary (EachMode fixup) - *terraform.NodeCountBoundary
    provider["registry.terraform.io/czmirek/script"] (close) - *terraform.graphNodeCloseProvider
  script.new - *terraform.NodeApplyableResourceInstance
    provider["registry.terraform.io/czmirek/script"] - *terraform.NodeApplyableProvider
    script.new (expand) - *terraform.nodeExpandApplyableResource
  script.new (expand) - *terraform.nodeExpandApplyableResource
    provider["registry.terraform.io/czmirek/script"] - *terraform.NodeApplyableProvider
  ------
2021/02/07 18:35:01 [TRACE] Executing graph transform *terraform.TransitiveReductionTransformer
2021/02/07 18:35:01 [TRACE] Completed graph transform *terraform.TransitiveReductionTransformer with new graph:
  meta.count-boundary (EachMode fixup) - *terraform.NodeCountBoundary
    script.new - *terraform.NodeApplyableResourceInstance
  provider["registry.terraform.io/czmirek/script"] - *terraform.NodeApplyableProvider
  provider["registry.terraform.io/czmirek/script"] (close) - *terraform.graphNodeCloseProvider
    script.new - *terraform.NodeApplyableResourceInstance
  root - *terraform.nodeCloseModule
    meta.count-boundary (EachMode fixup) - *terraform.NodeCountBoundary
    provider["registry.terraform.io/czmirek/script"] (close) - *terraform.graphNodeCloseProvider
  script.new - *terraform.NodeApplyableResourceInstance
    script.new (expand) - *terraform.nodeExpandApplyableResource
  script.new (expand) - *terraform.nodeExpandApplyableResource
    provider["registry.terraform.io/czmirek/script"] - *terraform.NodeApplyableProvider
  ------
2021/02/07 18:35:01 [DEBUG] Starting graph walk: walkApply
2021/02/07 18:35:01 [TRACE] dag/walk: visiting "provider[\"registry.terraform.io/czmirek/script\"]"
2021/02/07 18:35:01 [TRACE] vertex "provider[\"registry.terraform.io/czmirek/script\"]": starting visit (*terraform.NodeApplyableProvider)
2021-02-07T18:35:01.895+0100 [INFO]  plugin: configuring client automatic mTLS
2021-02-07T18:35:01.936+0100 [DEBUG] plugin: starting plugin: path=C:/Users/lesar/AppData/Roaming/terraform.d/plugins/windows-amd64/terraform-provider-script.exe args=[C:/Users/lesar/AppData/Roaming/terraform.d/plugins/windows-amd64/terraform-provider-script.exe]
2021-02-07T18:35:01.940+0100 [DEBUG] plugin: plugin started: path=C:/Users/lesar/AppData/Roaming/terraform.d/plugins/windows-amd64/terraform-provider-script.exe pid=6852
2021-02-07T18:35:01.940+0100 [DEBUG] plugin: waiting for RPC address: path=C:/Users/lesar/AppData/Roaming/terraform.d/plugins/windows-amd64/terraform-provider-script.exe
2021-02-07T18:35:01.963+0100 [INFO]  plugin.terraform-provider-script.exe: configuring server automatic mTLS: timestamp=2021-02-07T18:35:01.962+0100
2021-02-07T18:35:02.008+0100 [DEBUG] plugin: using plugin: version=5
2021-02-07T18:35:02.008+0100 [DEBUG] plugin.terraform-provider-script.exe: plugin address: address=127.0.0.1:10000 network=tcp timestamp=2021-02-07T18:35:02.008+0100
2021-02-07T18:35:02.092+0100 [TRACE] plugin.stdio: waiting for stdio data
2021/02/07 18:35:02 [TRACE] BuiltinEvalContext: Initialized "provider[\"registry.terraform.io/czmirek/script\"]" provider for provider["registry.terraform.io/czmirek/script"]
2021/02/07 18:35:02 [TRACE] buildProviderConfig for provider["registry.terraform.io/czmirek/script"]: no configuration at all
2021/02/07 18:35:02 [TRACE] GRPCProvider: GetSchema
2021/02/07 18:35:02 [TRACE] GRPCProvider: Configure
2021/02/07 18:35:02 [TRACE] vertex "provider[\"registry.terraform.io/czmirek/script\"]": visit complete
2021/02/07 18:35:02 [TRACE] dag/walk: visiting "script.new (expand)"
2021/02/07 18:35:02 [TRACE] vertex "script.new (expand)": starting visit (*terraform.nodeExpandApplyableResource)
2021/02/07 18:35:02 [TRACE] vertex "script.new (expand)": expanding dynamic subgraph
2021/02/07 18:35:02 [TRACE] vertex "script.new (expand)": entering dynamic subgraph
2021/02/07 18:35:02 [TRACE] dag/walk: visiting "script.new"
2021/02/07 18:35:02 [TRACE] vertex "script.new": starting visit (*terraform.NodeApplyableResource)
2021/02/07 18:35:02 [TRACE] vertex "script.new": visit complete
2021/02/07 18:35:02 [TRACE] vertex "script.new (expand)": dynamic subgraph completed successfully
2021/02/07 18:35:02 [TRACE] vertex "script.new (expand)": visit complete
2021/02/07 18:35:02 [TRACE] dag/walk: visiting "script.new"
2021/02/07 18:35:02 [TRACE] vertex "script.new": starting visit (*terraform.NodeApplyableResourceInstance)
2021/02/07 18:35:02 [TRACE] EvalReadDiff: Read Create change from plan for script.new
2021/02/07 18:35:02 [TRACE] EvalReadState: reading state for script.new
2021/02/07 18:35:02 [TRACE] EvalReadState: no state present for script.new
2021/02/07 18:35:02 [TRACE] EvalReadDiff: Read Create change from plan for script.new
2021/02/07 18:35:02 [TRACE] Re-validating config for "script.new"
2021/02/07 18:35:02 [TRACE] GRPCProvider: ValidateResourceTypeConfig
2021/02/07 18:35:02 [TRACE] GRPCProvider: PlanResourceChange
2021/02/07 18:35:02 [TRACE] EvalCheckPlannedChange: Verifying that actual change (action Create) matches planned change (action Create)
2021/02/07 18:35:02 [TRACE] EvalReadState: reading state for script.new
2021/02/07 18:35:02 [TRACE] EvalReadState: no state present for script.new
2021/02/07 18:35:02 [DEBUG] EvalApply: ProviderMeta config value set
2021/02/07 18:35:02 [DEBUG] script.new: applying the planned Create change
2021/02/07 18:35:02 [TRACE] GRPCProvider: ApplyResourceChange
2021-02-07T18:35:02.100+0100 [INFO]  plugin.terraform-provider-script.exe: 2021/02/07 18:35:02 [INFO] resourceOrderCreate HIT: timestamp=2021-02-07T18:35:02.100+0100
2021-02-07T18:35:02.104+0100 [DEBUG] plugin.terraform-provider-script.exe: panic: FUUUUUUCK
2021-02-07T18:35:02.104+0100 [DEBUG] plugin.terraform-provider-script.exe: 
2021-02-07T18:35:02.104+0100 [DEBUG] plugin.terraform-provider-script.exe: goroutine 13 [running]:
2021-02-07T18:35:02.104+0100 [DEBUG] plugin.terraform-provider-script.exe: github.com/czmirek/terraform-provider-script/script.runScript(0xc000611600, 0x0, 0x1603bcc, 0x6, 0x0, 0x16e36e0, 0xc00008b800, 0xc000283d85f7f24c)
2021-02-07T18:35:02.104+0100 [DEBUG] plugin.terraform-provider-script.exe: 	C:/Users/lesar/go/src/terraform-provider-script/script/cmd_util.go:21 +0x112
2021-02-07T18:35:02.104+0100 [DEBUG] plugin.terraform-provider-script.exe: github.com/czmirek/terraform-provider-script/script.resourceOrderCreate(0x16e3760, 0xc000286180, 0xc000611600, 0x0, 0x0, 0xc0002ae250, 0x10cf192, 0xc00060df40)
2021-02-07T18:35:02.104+0100 [DEBUG] plugin.terraform-provider-script.exe: 	C:/Users/lesar/go/src/terraform-provider-script/script/resource_script.go:87 +0x7d
2021-02-07T18:35:02.104+0100 [DEBUG] plugin.terraform-provider-script.exe: github.com/hashicorp/terraform-plugin-sdk/v2/helper/schema.(*Resource).create(0xc00013c6c0, 0x16e36e0, 0xc00008b800, 0xc000611600, 0x0, 0x0, 0x0, 0x0, 0x0)
2021-02-07T18:35:02.104+0100 [DEBUG] plugin.terraform-provider-script.exe: 	C:/Users/lesar/go/pkg/mod/github.com/hashicorp/terraform-plugin-sdk/v2@v2.4.2/helper/schema/resource.go:285 +0x1f4
2021-02-07T18:35:02.104+0100 [DEBUG] plugin.terraform-provider-script.exe: github.com/hashicorp/terraform-plugin-sdk/v2/helper/schema.(*Resource).Apply(0xc00013c6c0, 0x16e36e0, 0xc00008b800, 0xc000231500, 0xc00060df40, 0x0, 0x0, 0x0, 0x0, 0x0, ...)
2021-02-07T18:35:02.104+0100 [DEBUG] plugin.terraform-provider-script.exe: 	C:/Users/lesar/go/pkg/mod/github.com/hashicorp/terraform-plugin-sdk/v2@v2.4.2/helper/schema/resource.go:396 +0x674
2021-02-07T18:35:02.104+0100 [DEBUG] plugin.terraform-provider-script.exe: github.com/hashicorp/terraform-plugin-sdk/v2/helper/schema.(*GRPCProviderServer).ApplyResourceChange(0xc000234860, 0x16e36e0, 0xc00008b800, 0xc00005fdb0, 0xc00008b800, 0x0, 0x16ed320)
2021-02-07T18:35:02.104+0100 [DEBUG] plugin.terraform-provider-script.exe: 	C:/Users/lesar/go/pkg/mod/github.com/hashicorp/terraform-plugin-sdk/v2@v2.4.2/helper/schema/grpc_provider.go:955 +0x8ef
2021-02-07T18:35:02.104+0100 [DEBUG] plugin.terraform-provider-script.exe: github.com/hashicorp/terraform-plugin-go/tfprotov5/server.(*server).ApplyResourceChange(0xc0004db320, 0x16e36e0, 0xc00008b800, 0xc0002312d0, 0xc0004db320, 0xc000280b70, 0xc00023dba0)
2021-02-07T18:35:02.104+0100 [DEBUG] plugin.terraform-provider-script.exe: 	C:/Users/lesar/go/pkg/mod/github.com/hashicorp/terraform-plugin-go@v0.2.1/tfprotov5/server/server.go:332 +0xb8
2021-02-07T18:35:02.104+0100 [DEBUG] plugin.terraform-provider-script.exe: github.com/hashicorp/terraform-plugin-go/tfprotov5/internal/tfplugin5._Provider_ApplyResourceChange_Handler(0x15d0aa0, 0xc0004db320, 0x16e37a0, 0xc000280b70, 0xc00005db00, 0x0, 0x16e37a0, 0xc000280b70, 0xc000186640, 0x122)
2021-02-07T18:35:02.104+0100 [DEBUG] plugin.terraform-provider-script.exe: 	C:/Users/lesar/go/pkg/mod/github.com/hashicorp/terraform-plugin-go@v0.2.1/tfprotov5/internal/tfplugin5/tfplugin5_grpc.pb.go:380 +0x214
2021-02-07T18:35:02.104+0100 [DEBUG] plugin.terraform-provider-script.exe: google.golang.org/grpc.(*Server).processUnaryRPC(0xc00027afc0, 0x16eb3a0, 0xc000312c00, 0xc0001ac100, 0xc00058e540, 0x1adb240, 0x0, 0x0, 0x0)
2021-02-07T18:35:02.104+0100 [DEBUG] plugin.terraform-provider-script.exe: 	C:/Users/lesar/go/pkg/mod/google.golang.org/grpc@v1.32.0/server.go:1194 +0x522
2021-02-07T18:35:02.104+0100 [DEBUG] plugin.terraform-provider-script.exe: google.golang.org/grpc.(*Server).handleStream(0xc00027afc0, 0x16eb3a0, 0xc000312c00, 0xc0001ac100, 0x0)
2021-02-07T18:35:02.105+0100 [DEBUG] plugin.terraform-provider-script.exe: 	C:/Users/lesar/go/pkg/mod/google.golang.org/grpc@v1.32.0/server.go:1517 +0xd25
2021-02-07T18:35:02.105+0100 [DEBUG] plugin.terraform-provider-script.exe: google.golang.org/grpc.(*Server).serveStreams.func1.2(0xc000238220, 0xc00027afc0, 0x16eb3a0, 0xc000312c00, 0xc0001ac100)
2021-02-07T18:35:02.105+0100 [DEBUG] plugin.terraform-provider-script.exe: 	C:/Users/lesar/go/pkg/mod/google.golang.org/grpc@v1.32.0/server.go:859 +0xa8
2021-02-07T18:35:02.105+0100 [DEBUG] plugin.terraform-provider-script.exe: created by google.golang.org/grpc.(*Server).serveStreams.func1
2021-02-07T18:35:02.105+0100 [DEBUG] plugin.terraform-provider-script.exe: 	C:/Users/lesar/go/pkg/mod/google.golang.org/grpc@v1.32.0/server.go:857 +0x1fd
2021-02-07T18:35:02.106+0100 [WARN]  plugin.stdio: received EOF, stopping recv loop: err="rpc error: code = Unavailable desc = transport is closing"
2021/02/07 18:35:02 [DEBUG] script.new: apply errored, but we're indicating that via the Error pointer rather than returning it: rpc error: code = Unavailable desc = transport is closing
2021/02/07 18:35:02 [TRACE] EvalMaybeTainted: script.new encountered an error during creation, so it is now marked as tainted
2021/02/07 18:35:02 [TRACE] EvalWriteState: removing state object for script.new
2021/02/07 18:35:02 [TRACE] EvalApplyProvisioners: script.new has no state, so skipping provisioners
2021/02/07 18:35:02 [TRACE] EvalMaybeTainted: script.new encountered an error during creation, so it is now marked as tainted
2021/02/07 18:35:02 [TRACE] EvalWriteState: removing state object for script.new
2021/02/07 18:35:02 [TRACE] vertex "script.new": visit complete
2021/02/07 18:35:02 [TRACE] dag/walk: upstream of "meta.count-boundary (EachMode fixup)" errored, so skipping
2021/02/07 18:35:02 [TRACE] dag/walk: upstream of "provider[\"registry.terraform.io/czmirek/script\"] (close)" errored, so skipping
2021/02/07 18:35:02 [TRACE] dag/walk: upstream of "root" errored, so skipping
2021/02/07 18:35:02 [TRACE] statemgr.Filesystem: not making a backup, because the new snapshot is identical to the old
2021/02/07 18:35:02 [TRACE] statemgr.Filesystem: no state changes since last snapshot
2021/02/07 18:35:02 [TRACE] statemgr.Filesystem: writing snapshot at terraform.tfstate
2021/02/07 18:35:02 [TRACE] statemgr.Filesystem: removing lock metadata file .terraform.tfstate.lock.info
2021/02/07 18:35:02 [TRACE] statemgr.Filesystem: unlocked by closing terraform.tfstate
2021-02-07T18:35:02.115+0100 [DEBUG] plugin: plugin process exited: path=C:/Users/lesar/AppData/Roaming/terraform.d/plugins/windows-amd64/terraform-provider-script.exe pid=6852 error="exit status 2"
2021-02-07T18:35:02.115+0100 [DEBUG] plugin: plugin exited
